17:03:29:005 [main] INFO  main.Main - Car info
17:03:29:013 [main] INFO  main.Main - vin: KNDJE723297570351
17:03:29:013 [main] INFO  main.Main - make: BMW
17:03:29:013 [main] INFO  main.Main - model: X3
17:03:29:020 [main] INFO  main.Main - Car info
17:03:29:021 [main] INFO  main.Main - idCustomer: null
17:03:29:021 [main] INFO  main.Main - make: null
17:03:29:022 [main] INFO  main.Main - model: null
17:04:07:538 [main] INFO  main.Main - Car info
17:04:07:541 [main] INFO  main.Main - vin: KNDJE723297570351
17:04:07:541 [main] INFO  main.Main - make: BMW
17:04:07:541 [main] INFO  main.Main - model: X3
17:04:07:548 [main] INFO  main.Main - Car info
17:04:07:548 [main] INFO  main.Main - idCustomer: null
17:04:07:549 [main] INFO  main.Main - make: null
17:04:07:549 [main] INFO  main.Main - model: null
17:04:07:542 [main] INFO  main.Main - Car info
17:04:07:551 [main] INFO  main.Main - vin: KNDJE723297570351
17:04:07:552 [main] INFO  main.Main - make: BMW
17:04:07:552 [main] INFO  main.Main - model: X3
17:04:07:565 [main] INFO  main.Main - Car info
17:04:07:565 [main] INFO  main.Main - idCustomer: null
17:04:07:566 [main] INFO  main.Main - make: null
17:04:07:566 [main] INFO  main.Main - model: null
17:04:07:621 [main] INFO  main.Main - Car info
17:04:07:628 [main] INFO  main.Main - vin: KNDJE723297570351
17:04:07:629 [main] INFO  main.Main - make: BMW
17:04:07:630 [main] INFO  main.Main - model: X3
17:04:07:639 [main] INFO  main.Main - Car info
17:04:07:640 [main] INFO  main.Main - idCustomer: null
17:04:07:640 [main] INFO  main.Main - make: null
17:04:07:641 [main] INFO  main.Main - model: null
