18:58:06:595 [main] DEBUG org.apache.ibatis.transaction.jdbc.JdbcTransaction - Closing JDBC Connection [com.mysql.cj.jdbc.ConnectionImpl@436390f4]
18:58:06:599 [main] DEBUG org.apache.ibatis.datasource.pooled.PooledDataSource - Returned connection 1130598644 to pool.
18:58:06:600 [main] DEBUG org.apache.ibatis.transaction.jdbc.JdbcTransaction - Opening JDBC Connection
18:58:06:600 [main] DEBUG org.apache.ibatis.datasource.pooled.PooledDataSource - Checked out connection 1130598644 from pool.
18:58:06:600 [main] DEBUG org.apache.ibatis.transaction.jdbc.JdbcTransaction - Setting autocommit to false on JDBC Connection [com.mysql.cj.jdbc.ConnectionImpl@436390f4]
18:58:06:602 [main] DEBUG dao.ICarDao.updateEntity - ==>  Preparing: UPDATE Car SET idCar=?, idCustomer=?, vin=?, make=?, model=?, bodytype=?, productionYear=?, engineCapacity=?, fuelType=?, exteriorColor=? WHERE idСar= ?
18:58:06:608 [main] ERROR service.serviceimpl.CarServiceImpl - Exception
org.apache.ibatis.exceptions.PersistenceException: 
### Error updating database.  Cause: org.apache.ibatis.reflection.ReflectionException: There is no getter for property named 'idСar' in 'class model.Car'
### The error may exist in mappers/CarMapper.xml
### The error may involve defaultParameterMap
### The error occurred while setting parameters
### SQL: UPDATE Car SET idCar=?, idCustomer=?, vin=?, make=?, model=?, bodytype=?, productionYear=?, engineCapacity=?, fuelType=?, exteriorColor=?  WHERE idСar= ?
### Cause: org.apache.ibatis.reflection.ReflectionException: There is no getter for property named 'idСar' in 'class model.Car'
	at org.apache.ibatis.exceptions.ExceptionFactory.wrapException(ExceptionFactory.java:30) ~[mybatis-3.5.11.jar:3.5.11]
	at org.apache.ibatis.session.defaults.DefaultSqlSession.update(DefaultSqlSession.java:196) ~[mybatis-3.5.11.jar:3.5.11]
	at org.apache.ibatis.binding.MapperMethod.execute(MapperMethod.java:67) ~[mybatis-3.5.11.jar:3.5.11]
	at org.apache.ibatis.binding.MapperProxy$PlainMethodInvoker.invoke(MapperProxy.java:145) ~[mybatis-3.5.11.jar:3.5.11]
	at org.apache.ibatis.binding.MapperProxy.invoke(MapperProxy.java:86) ~[mybatis-3.5.11.jar:3.5.11]
	at jdk.proxy2.$Proxy23.updateEntity(Unknown Source) ~[?:?]
	at service.serviceimpl.CarServiceImpl.updateEntity(CarServiceImpl.java:69) ~[classes/:?]
	at main.Main.main(Main.java:66) ~[classes/:?]
Caused by: org.apache.ibatis.reflection.ReflectionException: There is no getter for property named 'idСar' in 'class model.Car'
	at org.apache.ibatis.reflection.Reflector.getGetInvoker(Reflector.java:387) ~[mybatis-3.5.11.jar:3.5.11]
	at org.apache.ibatis.reflection.MetaClass.getGetInvoker(MetaClass.java:164) ~[mybatis-3.5.11.jar:3.5.11]
	at org.apache.ibatis.reflection.wrapper.BeanWrapper.getBeanProperty(BeanWrapper.java:162) ~[mybatis-3.5.11.jar:3.5.11]
	at org.apache.ibatis.reflection.wrapper.BeanWrapper.get(BeanWrapper.java:49) ~[mybatis-3.5.11.jar:3.5.11]
	at org.apache.ibatis.reflection.MetaObject.getValue(MetaObject.java:122) ~[mybatis-3.5.11.jar:3.5.11]
	at org.apache.ibatis.scripting.defaults.DefaultParameterHandler.setParameters(DefaultParameterHandler.java:79) ~[mybatis-3.5.11.jar:3.5.11]
	at org.apache.ibatis.executor.statement.PreparedStatementHandler.parameterize(PreparedStatementHandler.java:94) ~[mybatis-3.5.11.jar:3.5.11]
	at org.apache.ibatis.executor.statement.RoutingStatementHandler.parameterize(RoutingStatementHandler.java:64) ~[mybatis-3.5.11.jar:3.5.11]
	at org.apache.ibatis.executor.SimpleExecutor.prepareStatement(SimpleExecutor.java:88) ~[mybatis-3.5.11.jar:3.5.11]
	at org.apache.ibatis.executor.SimpleExecutor.doUpdate(SimpleExecutor.java:49) ~[mybatis-3.5.11.jar:3.5.11]
	at org.apache.ibatis.executor.BaseExecutor.update(BaseExecutor.java:117) ~[mybatis-3.5.11.jar:3.5.11]
	at org.apache.ibatis.executor.CachingExecutor.update(CachingExecutor.java:76) ~[mybatis-3.5.11.jar:3.5.11]
	at org.apache.ibatis.session.defaults.DefaultSqlSession.update(DefaultSqlSession.java:194) ~[mybatis-3.5.11.jar:3.5.11]
	... 6 more
