18:41:21:960 [main] INFO  main.Main - Car info
18:41:21:966 [main] INFO  main.Main - vin: KNDJE723297570351
18:41:21:967 [main] INFO  main.Main - make: BMW
18:41:21:967 [main] INFO  main.Main - model: X3
18:41:21:977 [main] INFO  main.Main - Car info
18:41:21:977 [main] INFO  main.Main - idCustomer: null
18:41:21:978 [main] INFO  main.Main - make: null
18:41:21:978 [main] INFO  main.Main - model: null
18:43:55:202 [main] INFO  main.Main - Car info
18:43:55:204 [main] INFO  main.Main - vin: KNDJE723297570351
18:43:55:204 [main] INFO  main.Main - make: BMW
18:43:55:205 [main] INFO  main.Main - model: X3
18:43:55:210 [main] INFO  main.Main - Car info
18:43:55:211 [main] INFO  main.Main - idCustomer: null
18:43:55:211 [main] INFO  main.Main - make: null
18:43:55:212 [main] INFO  main.Main - model: null
18:53:16:216 [main] INFO  main.Main - Car info
18:53:16:218 [main] INFO  main.Main - vin: KNDJE723297570351
18:53:16:218 [main] INFO  main.Main - make: BMW
18:53:16:219 [main] INFO  main.Main - model: X3
