18:20:03:366 [main] DEBUG dao.ICarDao.updateEntity - ==>  Preparing: UPDATE Car SET idCar=?, ?, ?, ?, ?, ?, ?, ?, ?, ? WHERE idСar = ?
18:20:03:368 [main] DEBUG dao.ICarDao.updateEntity - ==> Parameters: 4(Long), 2(Long), WB4DD9550MS170534(String), Nissan(String), Patrol(String), Large-Size SUV(String), 2002(Integer), 4497cc(String), Diesel(String), White(String), 4(Long)
18:20:03:422 [main] ERROR service.serviceimpl.CarServiceImpl - Exception
org.apache.ibatis.exceptions.PersistenceException: 
### Error updating database.  Cause: java.sql.SQLSyntaxErrorException: You have an error in your SQL syntax; check the manual that corresponds to your MySQL server version for the right syntax to use near '2, 'WB4DD9550MS170534', 'Nissan', 'Patrol', 'Large-Size SUV', 2002, '4497cc', 'D' at line 1
### The error may exist in mappers/CarMapper.xml
### The error may involve defaultParameterMap
### The error occurred while setting parameters
### SQL: UPDATE Car SET idCar=?, ?, ?, ?, ?, ?, ?, ?, ?, ?  WHERE idСar = ?
### Cause: java.sql.SQLSyntaxErrorException: You have an error in your SQL syntax; check the manual that corresponds to your MySQL server version for the right syntax to use near '2, 'WB4DD9550MS170534', 'Nissan', 'Patrol', 'Large-Size SUV', 2002, '4497cc', 'D' at line 1
	at org.apache.ibatis.exceptions.ExceptionFactory.wrapException(ExceptionFactory.java:30) ~[mybatis-3.5.11.jar:3.5.11]
	at org.apache.ibatis.session.defaults.DefaultSqlSession.update(DefaultSqlSession.java:196) ~[mybatis-3.5.11.jar:3.5.11]
	at org.apache.ibatis.binding.MapperMethod.execute(MapperMethod.java:67) ~[mybatis-3.5.11.jar:3.5.11]
	at org.apache.ibatis.binding.MapperProxy$PlainMethodInvoker.invoke(MapperProxy.java:145) ~[mybatis-3.5.11.jar:3.5.11]
	at org.apache.ibatis.binding.MapperProxy.invoke(MapperProxy.java:86) ~[mybatis-3.5.11.jar:3.5.11]
	at jdk.proxy2.$Proxy23.updateEntity(Unknown Source) ~[?:?]
	at service.serviceimpl.CarServiceImpl.updateEntity(CarServiceImpl.java:69) ~[classes/:?]
	at main.Main.main(Main.java:63) ~[classes/:?]
Caused by: java.sql.SQLSyntaxErrorException: You have an error in your SQL syntax; check the manual that corresponds to your MySQL server version for the right syntax to use near '2, 'WB4DD9550MS170534', 'Nissan', 'Patrol', 'Large-Size SUV', 2002, '4497cc', 'D' at line 1
	at com.mysql.cj.jdbc.exceptions.SQLError.createSQLException(SQLError.java:120) ~[mysql-connector-j-8.0.31.jar:8.0.31]
	at com.mysql.cj.jdbc.exceptions.SQLExceptionsMapping.translateException(SQLExceptionsMapping.java:122) ~[mysql-connector-j-8.0.31.jar:8.0.31]
	at com.mysql.cj.jdbc.ClientPreparedStatement.executeInternal(ClientPreparedStatement.java:916) ~[mysql-connector-j-8.0.31.jar:8.0.31]
	at com.mysql.cj.jdbc.ClientPreparedStatement.execute(ClientPreparedStatement.java:354) ~[mysql-connector-j-8.0.31.jar:8.0.31]
	at jdk.internal.reflect.DirectMethodHandleAccessor.invoke(DirectMethodHandleAccessor.java:104) ~[?:?]
	at java.lang.reflect.Method.invoke(Method.java:578) ~[?:?]
	at org.apache.ibatis.logging.jdbc.PreparedStatementLogger.invoke(PreparedStatementLogger.java:59) ~[mybatis-3.5.11.jar:3.5.11]
	at jdk.proxy3.$Proxy21.execute(Unknown Source) ~[?:?]
	at org.apache.ibatis.executor.statement.PreparedStatementHandler.update(PreparedStatementHandler.java:47) ~[mybatis-3.5.11.jar:3.5.11]
	at org.apache.ibatis.executor.statement.RoutingStatementHandler.update(RoutingStatementHandler.java:74) ~[mybatis-3.5.11.jar:3.5.11]
	at org.apache.ibatis.executor.SimpleExecutor.doUpdate(SimpleExecutor.java:50) ~[mybatis-3.5.11.jar:3.5.11]
	at org.apache.ibatis.executor.BaseExecutor.update(BaseExecutor.java:117) ~[mybatis-3.5.11.jar:3.5.11]
	at org.apache.ibatis.executor.CachingExecutor.update(CachingExecutor.java:76) ~[mybatis-3.5.11.jar:3.5.11]
	at org.apache.ibatis.session.defaults.DefaultSqlSession.update(DefaultSqlSession.java:194) ~[mybatis-3.5.11.jar:3.5.11]
	... 6 more
