15:27:44:088 [main] INFO  jaxb.GearboxMechanicJAXB - Employee ID: 9
15:27:44:102 [main] INFO  jaxb.EnginePartsStoreJAXB - Engine parts store info
15:27:44:103 [main] INFO  jaxb.EnginePartsStoreJAXB - Engine parts store ID1
15:27:44:104 [main] INFO  jaxb.EnginePartsStoreJAXB - Cashier ID1
15:27:44:106 [main] INFO  jaxb.EnginePartsStoreJAXB - Part warehouse ID1
15:27:44:108 [main] INFO  jaxb.EnginePartsStoreJAXB - Part ID3
15:27:44:125 [main] INFO  jaxb.DiagnosticsMechanicJAXB - Car Service B info:
15:27:44:125 [main] INFO  jaxb.DiagnosticsMechanicJAXB - Car service B ID: 1
15:27:44:127 [main] INFO  jaxb.DiagnosticsMechanicJAXB - Car ID: 1
15:27:44:128 [main] INFO  jaxb.DiagnosticsMechanicJAXB - Service type: 3
15:27:44:140 [main] INFO  jaxb.CarServiceBJAXB - Car Service B info:
15:27:44:217 [main] INFO  jaxb.CarServiceBJAXB - Car service B ID: 1
15:27:44:219 [main] INFO  jaxb.CarServiceBJAXB - Car ID: 2
15:27:44:221 [main] INFO  jaxb.CarServiceBJAXB - Service type: Engine Replacement
15:27:44:284 [main] ERROR jaxb.AutomotiveElectricianJAXB - JAXBException occured
javax.xml.bind.MarshalException: null
	at com.sun.xml.bind.v2.runtime.MarshallerImpl.write(MarshallerImpl.java:331) ~[jaxb-impl-2.3.1.jar:2.3.1]
	at com.sun.xml.bind.v2.runtime.MarshallerImpl.marshal(MarshallerImpl.java:256) ~[jaxb-impl-2.3.1.jar:2.3.1]
	at javax.xml.bind.helpers.AbstractMarshallerImpl.marshal(AbstractMarshallerImpl.java:110) ~[jaxb-api-2.3.1.jar:2.3.0]
	at jaxb.AutomotiveElectricianJAXB.marshall(AutomotiveElectricianJAXB.java:26) ~[classes/:?]
	at main.Main.main(Main.java:183) ~[classes/:?]
Caused by: com.sun.istack.SAXException2: unable to marshal type "model.AutomotiveElectrician" as an element because it is missing an @XmlRootElement annotation
	at com.sun.xml.bind.v2.runtime.XMLSerializer.reportError(XMLSerializer.java:249) ~[jaxb-impl-2.3.1.jar:2.3.1]
	at com.sun.xml.bind.v2.runtime.ClassBeanInfoImpl.serializeRoot(ClassBeanInfoImpl.java:338) ~[jaxb-impl-2.3.1.jar:2.3.1]
	at com.sun.xml.bind.v2.runtime.XMLSerializer.childAsRoot(XMLSerializer.java:494) ~[jaxb-impl-2.3.1.jar:2.3.1]
	at com.sun.xml.bind.v2.runtime.MarshallerImpl.write(MarshallerImpl.java:328) ~[jaxb-impl-2.3.1.jar:2.3.1]
	... 4 more
