18:27:25:177 [main] INFO  main.Main - Car info
18:27:25:185 [main] INFO  main.Main - vin: KNDJE723297570351
18:27:25:186 [main] INFO  main.Main - make: BMW
18:27:25:186 [main] INFO  main.Main - model: X3
18:27:25:192 [main] INFO  main.Main - Car info
18:27:25:193 [main] INFO  main.Main - idCustomer: null
18:27:25:193 [main] INFO  main.Main - make: null
18:27:25:194 [main] INFO  main.Main - model: null
18:38:30:303 [main] INFO  main.Main - Car info
18:38:30:305 [main] INFO  main.Main - vin: KNDJE723297570351
18:38:30:305 [main] INFO  main.Main - make: BMW
18:38:30:306 [main] INFO  main.Main - model: X3
18:38:30:311 [main] INFO  main.Main - Car info
18:38:30:311 [main] INFO  main.Main - idCustomer: null
18:38:30:312 [main] INFO  main.Main - make: null
18:38:30:312 [main] INFO  main.Main - model: null
18:39:22:232 [main] INFO  main.Main - Car info
18:39:22:234 [main] INFO  main.Main - vin: KNDJE723297570351
18:39:22:235 [main] INFO  main.Main - make: BMW
18:39:22:235 [main] INFO  main.Main - model: X3
