19:03:41:935 [main] INFO  jaxb.DiagnosticsMechanicJAXB - Car ID: 1
19:03:41:938 [main] INFO  jaxb.DiagnosticsMechanicJAXB - Service type: 3
19:03:41:949 [main] INFO  jaxb.CarServiceBJAXB - Car Service B info:
19:03:41:950 [main] INFO  jaxb.CarServiceBJAXB - Car service B ID: 1
19:03:41:950 [main] INFO  jaxb.CarServiceBJAXB - Car ID: 2
19:03:41:951 [main] INFO  jaxb.CarServiceBJAXB - Service type: Engine Replacement
19:04:50:950 [main] ERROR main.Main - Parse error
java.io.FileNotFoundException: C:\Users\Mirian\eclipse-workspace\CarService\src\main\resources\Car.xml (The system cannot find the file specified)
	at java.io.FileInputStream.open0(Native Method) ~[?:?]
	at java.io.FileInputStream.open(FileInputStream.java:219) ~[?:?]
	at java.io.FileInputStream.<init>(FileInputStream.java:158) ~[?:?]
	at java.io.FileInputStream.<init>(FileInputStream.java:112) ~[?:?]
	at sun.net.www.protocol.file.FileURLConnection.connect(FileURLConnection.java:86) ~[?:?]
	at sun.net.www.protocol.file.FileURLConnection.getInputStream(FileURLConnection.java:189) ~[?:?]
	at com.sun.org.apache.xerces.internal.impl.XMLEntityManager.setupCurrentEntity(XMLEntityManager.java:653) ~[?:?]
	at com.sun.org.apache.xerces.internal.impl.XMLVersionDetector.determineDocVersion(XMLVersionDetector.java:150) ~[?:?]
	at com.sun.org.apache.xerces.internal.parsers.XML11Configuration.parse(XML11Configuration.java:861) ~[?:?]
	at com.sun.org.apache.xerces.internal.parsers.XML11Configuration.parse(XML11Configuration.java:825) ~[?:?]
	at com.sun.org.apache.xerces.internal.parsers.XMLParser.parse(XMLParser.java:141) ~[?:?]
	at com.sun.org.apache.xerces.internal.parsers.DOMParser.parse(DOMParser.java:247) ~[?:?]
	at com.sun.org.apache.xerces.internal.jaxp.DocumentBuilderImpl.parse(DocumentBuilderImpl.java:342) ~[?:?]
	at javax.xml.parsers.DocumentBuilder.parse(DocumentBuilder.java:206) ~[?:?]
	at dommethod.DomParsing.buildDocument(DomParsing.java:99) ~[classes/:?]
	at dommethod.DomParsing.main(DomParsing.java:27) ~[classes/:?]
