16:08:28:497 [main] INFO  jaxb.DiagnosticsMechanicJAXB - Car ID: 1
16:08:28:499 [main] INFO  jaxb.DiagnosticsMechanicJAXB - Service type: 3
16:08:28:509 [main] INFO  jaxb.CarServiceBJAXB - Car Service B info:
16:08:28:510 [main] INFO  jaxb.CarServiceBJAXB - Car service B ID: 1
16:08:28:510 [main] INFO  jaxb.CarServiceBJAXB - Car ID: 2
16:08:28:510 [main] INFO  jaxb.CarServiceBJAXB - Service type: Engine Replacement
16:09:38:981 [main] ERROR main.Main - DatabindException
com.fasterxml.jackson.databind.exc.MismatchedInputException: Cannot deserialize value of type `model.PartWarehouse` from Array value (token `JsonToken.START_ARRAY`)
 at [Source: (File); line: 1, column: 1]
	at com.fasterxml.jackson.databind.exc.MismatchedInputException.from(MismatchedInputException.java:59) ~[jackson-databind-2.14.1.jar:2.14.1]
	at com.fasterxml.jackson.databind.DeserializationContext.reportInputMismatch(DeserializationContext.java:1746) ~[jackson-databind-2.14.1.jar:2.14.1]
	at com.fasterxml.jackson.databind.DeserializationContext.handleUnexpectedToken(DeserializationContext.java:1520) ~[jackson-databind-2.14.1.jar:2.14.1]
	at com.fasterxml.jackson.databind.DeserializationContext.handleUnexpectedToken(DeserializationContext.java:1467) ~[jackson-databind-2.14.1.jar:2.14.1]
	at com.fasterxml.jackson.databind.deser.BeanDeserializer._deserializeFromArray(BeanDeserializer.java:650) ~[jackson-databind-2.14.1.jar:2.14.1]
	at com.fasterxml.jackson.databind.deser.BeanDeserializer._deserializeOther(BeanDeserializer.java:211) ~[jackson-databind-2.14.1.jar:2.14.1]
	at com.fasterxml.jackson.databind.deser.BeanDeserializer.deserialize(BeanDeserializer.java:187) ~[jackson-databind-2.14.1.jar:2.14.1]
	at com.fasterxml.jackson.databind.deser.DefaultDeserializationContext.readRootValue(DefaultDeserializationContext.java:323) ~[jackson-databind-2.14.1.jar:2.14.1]
	at com.fasterxml.jackson.databind.ObjectMapper._readMapAndClose(ObjectMapper.java:4730) ~[jackson-databind-2.14.1.jar:2.14.1]
	at com.fasterxml.jackson.databind.ObjectMapper.readValue(ObjectMapper.java:3542) ~[jackson-databind-2.14.1.jar:2.14.1]
	at main.Main.main(Main.java:42) ~[classes/:?]
