17:04:32:407 [main] INFO  main.Main - Car info
17:04:32:414 [main] INFO  main.Main - vin: KNDJE723297570351
17:04:32:414 [main] INFO  main.Main - make: BMW
17:04:32:414 [main] INFO  main.Main - model: X3
17:04:32:421 [main] INFO  main.Main - Car info
17:04:32:421 [main] INFO  main.Main - idCustomer: null
17:04:32:422 [main] INFO  main.Main - make: null
17:04:32:422 [main] INFO  main.Main - model: null
17:04:45:729 [main] INFO  main.Main - Car info
17:04:45:732 [main] INFO  main.Main - vin: KNDJE723297570351
17:04:45:732 [main] INFO  main.Main - make: BMW
17:04:45:733 [main] INFO  main.Main - model: X3
17:04:45:741 [main] INFO  main.Main - Car info
17:04:45:742 [main] INFO  main.Main - idCustomer: null
17:04:45:742 [main] INFO  main.Main - make: null
17:04:45:743 [main] INFO  main.Main - model: null
17:04:59:382 [main] INFO  main.Main - Car info
17:04:59:385 [main] INFO  main.Main - vin: KNDJE723297570351
17:04:59:385 [main] INFO  main.Main - make: BMW
17:04:59:386 [main] INFO  main.Main - model: X3
