18:39:22:242 [main] INFO  main.Main - Car info
18:39:22:246 [main] INFO  main.Main - idCustomer: null
18:39:22:246 [main] INFO  main.Main - make: null
18:39:22:247 [main] INFO  main.Main - model: null
18:40:07:835 [main] INFO  main.Main - Car info
18:40:07:837 [main] INFO  main.Main - vin: KNDJE723297570351
18:40:07:837 [main] INFO  main.Main - make: BMW
18:40:07:838 [main] INFO  main.Main - model: X3
18:40:07:842 [main] INFO  main.Main - Car info
18:40:07:842 [main] INFO  main.Main - idCustomer: null
18:40:07:843 [main] INFO  main.Main - make: null
18:40:07:843 [main] INFO  main.Main - model: null
18:41:12:185 [main] INFO  main.Main - Car info
18:41:12:187 [main] INFO  main.Main - vin: KNDJE723297570351
18:41:12:188 [main] INFO  main.Main - make: BMW
18:41:12:188 [main] INFO  main.Main - model: X3
18:41:12:194 [main] INFO  main.Main - Car info
18:41:12:196 [main] INFO  main.Main - idCustomer: null
18:41:12:196 [main] INFO  main.Main - make: null
18:41:12:196 [main] INFO  main.Main - model: null
