16:15:33:088 [main] INFO  jaxb.AutomotivePartsStoreOrdersJAXB - Automotive Parts Store order information
16:15:33:090 [main] INFO  jaxb.AutomotivePartsStoreOrdersJAXB - Customer ID: 1
16:15:33:091 [main] INFO  jaxb.AutomotivePartsStoreOrdersJAXB - AutomotivePartsStore ID: 1
16:15:33:091 [main] INFO  jaxb.AutomotivePartsStoreOrdersJAXB - Order ID: 1
16:15:33:104 [main] INFO  jaxb.AutomotivePartsStoreOrdersJAXB - Order Date: Thu Jan 01 00:00:00 GET 1970
16:16:11:927 [main] ERROR main.Main - DatabindException
com.fasterxml.jackson.databind.exc.InvalidDefinitionException: Cannot construct instance of `model.PartWarehouse[]`: no String-argument constructor/factory method to deserialize from String value ('PartWarehouse')
 at [Source: (File); line: 1, column: 1]
	at com.fasterxml.jackson.databind.exc.InvalidDefinitionException.from(InvalidDefinitionException.java:67) ~[jackson-databind-2.14.1.jar:2.14.1]
	at com.fasterxml.jackson.databind.DeserializationContext.reportBadDefinition(DeserializationContext.java:1909) ~[jackson-databind-2.14.1.jar:2.14.1]
	at com.fasterxml.jackson.databind.DatabindContext.reportBadDefinition(DatabindContext.java:408) ~[jackson-databind-2.14.1.jar:2.14.1]
	at com.fasterxml.jackson.databind.DeserializationContext.handleMissingInstantiator(DeserializationContext.java:1349) ~[jackson-databind-2.14.1.jar:2.14.1]
	at com.fasterxml.jackson.databind.deser.std.StdDeserializer._deserializeFromString(StdDeserializer.java:311) ~[jackson-databind-2.14.1.jar:2.14.1]
	at com.fasterxml.jackson.databind.deser.std.ObjectArrayDeserializer.handleNonArray(ObjectArrayDeserializer.java:343) ~[jackson-databind-2.14.1.jar:2.14.1]
	at com.fasterxml.jackson.databind.deser.std.ObjectArrayDeserializer.deserialize(ObjectArrayDeserializer.java:196) ~[jackson-databind-2.14.1.jar:2.14.1]
	at com.fasterxml.jackson.databind.deser.std.ObjectArrayDeserializer.deserialize(ObjectArrayDeserializer.java:26) ~[jackson-databind-2.14.1.jar:2.14.1]
	at com.fasterxml.jackson.databind.deser.DefaultDeserializationContext.readRootValue(DefaultDeserializationContext.java:323) ~[jackson-databind-2.14.1.jar:2.14.1]
	at com.fasterxml.jackson.databind.ObjectMapper._readMapAndClose(ObjectMapper.java:4730) ~[jackson-databind-2.14.1.jar:2.14.1]
	at com.fasterxml.jackson.databind.ObjectMapper.readValue(ObjectMapper.java:3542) ~[jackson-databind-2.14.1.jar:2.14.1]
	at main.Main.main(Main.java:42) ~[classes/:?]
