17:04:59:391 [main] INFO  main.Main - Car info
17:04:59:397 [main] INFO  main.Main - idCustomer: null
17:04:59:397 [main] INFO  main.Main - make: null
17:04:59:398 [main] INFO  main.Main - model: null
17:35:56:142 [main] INFO  main.Main - Car info
17:35:56:145 [main] INFO  main.Main - vin: KNDJE723297570351
17:35:56:145 [main] INFO  main.Main - make: BMW
17:35:56:146 [main] INFO  main.Main - model: X3
17:35:56:151 [main] INFO  main.Main - Car info
17:35:56:152 [main] INFO  main.Main - idCustomer: null
17:35:56:152 [main] INFO  main.Main - make: null
17:35:56:153 [main] INFO  main.Main - model: null
18:17:09:834 [main] INFO  main.Main - Car info
18:17:09:837 [main] INFO  main.Main - vin: KNDJE723297570351
18:17:09:837 [main] INFO  main.Main - make: BMW
18:17:09:838 [main] INFO  main.Main - model: X3
18:17:09:857 [main] INFO  main.Main - Car info
18:17:09:858 [main] INFO  main.Main - idCustomer: null
18:17:09:858 [main] INFO  main.Main - make: null
18:17:09:858 [main] INFO  main.Main - model: null
